Using pre-set license
Built from '2021.3/release' branch; Version is '2021.3.12f1 (8af3c3e441b1) revision 9106371'; Using compiler version '192829333'; Build Type 'Release'
OS: 'Windows 11  (10.0.22000) 64bit Core' Language: 'en' Physical Memory: 16084 MB
BatchMode: 1, IsHumanControllingUs: 0, StartBugReporterOnCrash: 0, Is64bit: 1, IsPro: 1

COMMAND LINE ARGUMENTS:
C:\Program Files\Unity\Hub\Editor\2021.3.12f1\Editor\Unity.exe
-adb2
-batchMode
-noUpm
-name
AssetImportWorker0
-projectPath
C:/Users/eyang/VPVA Prototype
-logFile
Logs/AssetImportWorker0.log
-srvPort
51519
Successfully changed project path to: C:/Users/eyang/VPVA Prototype
C:/Users/eyang/VPVA Prototype
[UnityMemory] Configuration Parameters - Can be set up in boot.config
    "memorysetup-bucket-allocator-granularity=16"
    "memorysetup-bucket-allocator-bucket-count=8"
    "memorysetup-bucket-allocator-block-size=33554432"
    "memorysetup-bucket-allocator-block-count=8"
    "memorysetup-main-allocator-block-size=16777216"
    "memorysetup-thread-allocator-block-size=16777216"
    "memorysetup-gfx-main-allocator-block-size=16777216"
    "memorysetup-gfx-thread-allocator-block-size=16777216"
    "memorysetup-cache-allocator-block-size=4194304"
    "memorysetup-typetree-allocator-block-size=2097152"
    "memorysetup-profiler-bucket-allocator-granularity=16"
    "memorysetup-profiler-bucket-allocator-bucket-count=8"
    "memorysetup-profiler-bucket-allocator-block-size=33554432"
    "memorysetup-profiler-bucket-allocator-block-count=8"
    "memorysetup-profiler-allocator-block-size=16777216"
    "memorysetup-profiler-editor-allocator-block-size=1048576"
    "memorysetup-temp-allocator-size-main=16777216"
    "memorysetup-job-temp-allocator-block-size=2097152"
    "memorysetup-job-temp-allocator-block-size-background=1048576"
    "memorysetup-job-temp-allocator-reduction-small-platforms=262144"
    "memorysetup-temp-allocator-size-background-worker=32768"
    "memorysetup-temp-allocator-size-job-worker=262144"
    "memorysetup-temp-allocator-size-preload-manager=33554432"
    "memorysetup-temp-allocator-size-nav-mesh-worker=65536"
    "memorysetup-temp-allocator-size-audio-worker=65536"
    "memorysetup-temp-allocator-size-cloud-worker=32768"
    "memorysetup-temp-allocator-size-gi-baking-worker=262144"
    "memorysetup-temp-allocator-size-gfx=262144"
Refreshing native plugins compatible for Editor in 113.36 ms, found 4 plugins.
Preloading 0 native plugins for Editor in 0.00 ms.
Initialize engine version: 2021.3.12f1 (8af3c3e441b1)
[Subsystems] Discovering subsystems at path C:/Program Files/Unity/Hub/Editor/2021.3.12f1/Editor/Data/Resources/UnitySubsystems
[Subsystems] Discovering subsystems at path C:/Users/eyang/VPVA Prototype/Assets
GfxDevice: creating device client; threaded=0; jobified=0
Direct3D:
    Version:  Direct3D 11.0 [level 11.1]
    Renderer: NVIDIA GeForce RTX 3060 Laptop GPU (ID=0x2520)
    Vendor:   NVIDIA
    VRAM:     6023 MB
    Driver:   31.0.15.1748
Initialize mono
Mono path[0] = 'C:/Program Files/Unity/Hub/Editor/2021.3.12f1/Editor/Data/Managed'
Mono path[1] = 'C:/Program Files/Unity/Hub/Editor/2021.3.12f1/Editor/Data/MonoBleedingEdge/lib/mono/unityjit-win32'
Mono config path = 'C:/Program Files/Unity/Hub/Editor/2021.3.12f1/Editor/Data/MonoBleedingEdge/etc'
Using monoOptions --debugger-agent=transport=dt_socket,embedding=1,server=y,suspend=n,address=127.0.0.1:56564
Begin MonoManager ReloadAssembly
Registering precompiled unity dll's ...
Register platform support module: C:/Program Files/Unity/Hub/Editor/2021.3.12f1/Editor/Data/PlaybackEngines/WindowsStandaloneSupport/UnityEditor.WindowsStandalone.Extensions.dll
Registered in 0.009674 seconds.
Native extension for WindowsStandalone target not found
Refreshing native plugins compatible for Editor in 114.67 ms, found 4 plugins.
Preloading 0 native plugins for Editor in 0.00 ms.
Mono: successfully reloaded assembly
- Completed reload, in  0.638 seconds
Domain Reload Profiling:
	ReloadAssembly (638ms)
		BeginReloadAssembly (118ms)
			ExecutionOrderSort (0ms)
			DisableScriptedObjects (0ms)
			BackupInstance (0ms)
			ReleaseScriptingObjects (0ms)
			CreateAndSetChildDomain (1ms)
		EndReloadAssembly (420ms)
			LoadAssemblies (114ms)
			RebuildTransferFunctionScriptingTraits (0ms)
			SetupTypeCache (88ms)
			ReleaseScriptCaches (0ms)
			RebuildScriptCaches (23ms)
			SetupLoadedEditorAssemblies (264ms)
				LogAssemblyErrors (0ms)
				InitializePlatformSupportModulesInManaged (6ms)
				SetLoadedEditorAssemblies (0ms)
				RefreshPlugins (115ms)
				BeforeProcessingInitializeOnLoad (1ms)
				ProcessInitializeOnLoadAttributes (110ms)
				ProcessInitializeOnLoadMethodAttributes (32ms)
				AfterProcessingInitializeOnLoad (0ms)
				EditorAssembliesLoaded (0ms)
			ExecutionOrderSort2 (0ms)
			AwakeInstancesAfterBackupRestoration (0ms)
Platform modules already initialized, skipping
Registering precompiled user dll's ...
Registered in 0.005826 seconds.
Begin MonoManager ReloadAssembly
Symbol file LoadedFromMemory doesn't match image C:\Users\eyang\VPVA Prototype\Library\PackageCache\com.unity.visualscripting@1.7.8\Editor\VisualScripting.Core\Dependencies\YamlDotNet\Unity.VisualScripting.YamlDotNet.dll
Symbol file LoadedFromMemory doesn't match image C:\Users\eyang\VPVA Prototype\Library\PackageCache\com.unity.visualscripting@1.7.8\Editor\VisualScripting.Core\Dependencies\DotNetZip\Unity.VisualScripting.IonicZip.dll
Native extension for WindowsStandalone target not found
Refreshing native plugins compatible for Editor in 85.69 ms, found 4 plugins.
Preloading 0 native plugins for Editor in 0.00 ms.
Mono: successfully reloaded assembly
- Completed reload, in  1.124 seconds
Domain Reload Profiling:
	ReloadAssembly (1125ms)
		BeginReloadAssembly (95ms)
			ExecutionOrderSort (0ms)
			DisableScriptedObjects (4ms)
			BackupInstance (0ms)
			ReleaseScriptingObjects (0ms)
			CreateAndSetChildDomain (19ms)
		EndReloadAssembly (930ms)
			LoadAssemblies (152ms)
			RebuildTransferFunctionScriptingTraits (0ms)
			SetupTypeCache (206ms)
			ReleaseScriptCaches (1ms)
			RebuildScriptCaches (52ms)
			SetupLoadedEditorAssemblies (482ms)
				LogAssemblyErrors (0ms)
				InitializePlatformSupportModulesInManaged (3ms)
				SetLoadedEditorAssemblies (0ms)
				RefreshPlugins (86ms)
				BeforeProcessingInitializeOnLoad (94ms)
				ProcessInitializeOnLoadAttributes (198ms)
				ProcessInitializeOnLoadMethodAttributes (96ms)
				AfterProcessingInitializeOnLoad (5ms)
				EditorAssembliesLoaded (0ms)
			ExecutionOrderSort2 (0ms)
			AwakeInstancesAfterBackupRestoration (5ms)
Platform modules already initialized, skipping
========================================================================
Worker process is ready to serve import requests
Launched and connected shader compiler UnityShaderCompiler.exe after 0.06 seconds
Refreshing native plugins compatible for Editor in 0.84 ms, found 4 plugins.
Preloading 0 native plugins for Editor in 0.00 ms.
Unloading 5535 Unused Serialized files (Serialized files now loaded: 0)
Unloading 58 unused Assets / (1.2 MB). Loaded Objects now: 5970.
Memory consumption went from 215.2 MB to 213.9 MB.
Total: 3.852300 ms (FindLiveObjects: 0.317600 ms CreateObjectMapping: 0.193200 ms MarkObjects: 2.881500 ms  DeleteObjects: 0.458900 ms)

AssetImportParameters requested are different than current active one (requested -> active):
  custom:video-decoder-ogg-theora: a1e56fd34408186e4bbccfd4996cb3dc -> 
  custom:container-muxer-webm: aa71ff27fc2769a1b78a27578f13a17b -> 
  custom:container-demuxer-webm: 4f35f7cbe854078d1ac9338744f61a02 -> 
  custom:video-encoder-webm-vp8: eb34c28f22e8b96e1ab97ce403110664 -> 
  custom:audio-encoder-webm-vorbis: bf7c407c2cedff20999df2af8eb42d56 -> 
  custom:framework-win-MediaFoundation: 216162199b28c13a410421893ffa2e32 -> 
  custom:container-demuxer-ogg: 62fdf1f143b41e24485cea50d1cbac27 -> 
  custom:video-decoder-webm-vp8: 9c59270c3fd7afecdb556c50c9e8de78 -> 
  custom:audio-decoder-ogg-vorbis: bf7c407c2cedff20999df2af8eb42d56 -> 
========================================================================
Received Import Request.
  Time since last request: 8496.666443 seconds.
  path: Assets/Scenes/Prototype.unity
  artifactKey: Guid(8c9cfa26abfee488c85f1582747f6a02) Importer(815301076,1909f56bfc062723c751e8b465ee728b)
Start importing Assets/Scenes/Prototype.unity using Guid(8c9cfa26abfee488c85f1582747f6a02) Importer(815301076,1909f56bfc062723c751e8b465ee728b)  -> (artifact id: 'ecd787df80e59a85e0f44d36eaba89c2') in 0.014936 seconds 
========================================================================
Received Import Request.
  Time since last request: 66.835342 seconds.
  path: Assets
  artifactKey: Guid(00000000000000001000000000000000) Importer(815301076,1909f56bfc062723c751e8b465ee728b)
Start importing Assets using Guid(00000000000000001000000000000000) Importer(815301076,1909f56bfc062723c751e8b465ee728b)  -> (artifact id: '79842766b460edbeab6a34051e857a80') in 0.001843 seconds 
========================================================================
Received Import Request.
  Time since last request: 7.071285 seconds.
  path: Assets/Scripts
  artifactKey: Guid(111f4d5dfb229b8459b5c873e377beec) Importer(815301076,1909f56bfc062723c751e8b465ee728b)
Start importing Assets/Scripts using Guid(111f4d5dfb229b8459b5c873e377beec) Importer(815301076,1909f56bfc062723c751e8b465ee728b)  -> (artifact id: '7d7d6149695fcef484705e1d1d140f5e') in 0.005332 seconds 
========================================================================
Received Import Request.
  Time since last request: 9.513617 seconds.
  path: Assets/Animations
  artifactKey: Guid(65a2583fe6b993349a2f2a01fd2139fa) Importer(815301076,1909f56bfc062723c751e8b465ee728b)
Start importing Assets/Animations using Guid(65a2583fe6b993349a2f2a01fd2139fa) Importer(815301076,1909f56bfc062723c751e8b465ee728b)  -> (artifact id: '3664cbe935ea8f210db638617dc4a9ac') in 0.005428 seconds 
========================================================================
Received Import Request.
  Time since last request: 12.825559 seconds.
  path: Assets/Resources
  artifactKey: Guid(cfb8bc3b9bd469948b6db360f7ef2da4) Importer(815301076,1909f56bfc062723c751e8b465ee728b)
Start importing Assets/Resources using Guid(cfb8bc3b9bd469948b6db360f7ef2da4) Importer(815301076,1909f56bfc062723c751e8b465ee728b)  -> (artifact id: '73029fdf253ceb3c7afe4a08760c9915') in 0.006693 seconds 
========================================================================
Received Prepare
Registering precompiled user dll's ...
Registered in 0.005634 seconds.
Begin MonoManager ReloadAssembly
Symbol file LoadedFromMemory doesn't match image C:\Users\eyang\VPVA Prototype\Library\PackageCache\com.unity.visualscripting@1.7.8\Editor\VisualScripting.Core\Dependencies\YamlDotNet\Unity.VisualScripting.YamlDotNet.dll
Symbol file LoadedFromMemory doesn't match image C:\Users\eyang\VPVA Prototype\Library\PackageCache\com.unity.visualscripting@1.7.8\Editor\VisualScripting.Core\Dependencies\DotNetZip\Unity.VisualScripting.IonicZip.dll
Native extension for WindowsStandalone target not found
Refreshing native plugins compatible for Editor in 0.76 ms, found 4 plugins.
Preloading 0 native plugins for Editor in 0.00 ms.
Mono: successfully reloaded assembly
- Completed reload, in  1.019 seconds
Domain Reload Profiling:
	ReloadAssembly (1019ms)
		BeginReloadAssembly (137ms)
			ExecutionOrderSort (0ms)
			DisableScriptedObjects (7ms)
			BackupInstance (0ms)
			ReleaseScriptingObjects (0ms)
			CreateAndSetChildDomain (40ms)
		EndReloadAssembly (776ms)
			LoadAssemblies (99ms)
			RebuildTransferFunctionScriptingTraits (0ms)
			SetupTypeCache (225ms)
			ReleaseScriptCaches (2ms)
			RebuildScriptCaches (46ms)
			SetupLoadedEditorAssemblies (369ms)
				LogAssemblyErrors (0ms)
				InitializePlatformSupportModulesInManaged (11ms)
				SetLoadedEditorAssemblies (0ms)
				RefreshPlugins (1ms)
				BeforeProcessingInitializeOnLoad (74ms)
				ProcessInitializeOnLoadAttributes (201ms)
				ProcessInitializeOnLoadMethodAttributes (76ms)
				AfterProcessingInitializeOnLoad (6ms)
				EditorAssembliesLoaded (0ms)
			ExecutionOrderSort2 (0ms)
			AwakeInstancesAfterBackupRestoration (8ms)
Platform modules already initialized, skipping
Refreshing native plugins compatible for Editor in 2.77 ms, found 4 plugins.
Preloading 0 native plugins for Editor in 0.00 ms.
Unloading 5436 Unused Serialized files (Serialized files now loaded: 0)
Unloading 58 unused Assets / (1.9 MB). Loaded Objects now: 5978.
Memory consumption went from 209.5 MB to 207.6 MB.
Total: 4.148200 ms (FindLiveObjects: 0.329100 ms CreateObjectMapping: 0.176400 ms MarkObjects: 2.994000 ms  DeleteObjects: 0.647500 ms)

AssetImportParameters requested are different than current active one (requested -> active):
  custom:video-decoder-ogg-theora: a1e56fd34408186e4bbccfd4996cb3dc -> 
  custom:container-muxer-webm: aa71ff27fc2769a1b78a27578f13a17b -> 
  custom:container-demuxer-webm: 4f35f7cbe854078d1ac9338744f61a02 -> 
  custom:video-encoder-webm-vp8: eb34c28f22e8b96e1ab97ce403110664 -> 
  custom:audio-encoder-webm-vorbis: bf7c407c2cedff20999df2af8eb42d56 -> 
  custom:framework-win-MediaFoundation: 216162199b28c13a410421893ffa2e32 -> 
  custom:container-demuxer-ogg: 62fdf1f143b41e24485cea50d1cbac27 -> 
  custom:video-decoder-webm-vp8: 9c59270c3fd7afecdb556c50c9e8de78 -> 
  custom:audio-decoder-ogg-vorbis: bf7c407c2cedff20999df2af8eb42d56 -> 
========================================================================
Received Import Request.
  Time since last request: 36.779423 seconds.
  path: Assets/Resources/Backgrounds
  artifactKey: Guid(0acae6cf026243a4886f519235ade457) Importer(815301076,1909f56bfc062723c751e8b465ee728b)
Start importing Assets/Resources/Backgrounds using Guid(0acae6cf026243a4886f519235ade457) Importer(815301076,1909f56bfc062723c751e8b465ee728b)  -> (artifact id: '795b1afe01dc22dc8a34785faf01eb15') in 0.008580 seconds 
========================================================================
Received Import Request.
  Time since last request: 7.988008 seconds.
  path: Assets/Resources/Characters
  artifactKey: Guid(62a42952fc2bab84fab5184b80bda1bf) Importer(815301076,1909f56bfc062723c751e8b465ee728b)
Start importing Assets/Resources/Characters using Guid(62a42952fc2bab84fab5184b80bda1bf) Importer(815301076,1909f56bfc062723c751e8b465ee728b)  -> (artifact id: 'ad3305a8847d07caa29d326b7b6109da') in 0.001957 seconds 
========================================================================
Received Import Request.
  Time since last request: 4.871007 seconds.
  path: Assets/Resources/Props
  artifactKey: Guid(bfaf044e6797fca4884b707233714ee7) Importer(815301076,1909f56bfc062723c751e8b465ee728b)
Start importing Assets/Resources/Props using Guid(bfaf044e6797fca4884b707233714ee7) Importer(815301076,1909f56bfc062723c751e8b465ee728b)  -> (artifact id: '7f931d71e634144a391e19b6285d17b3') in 0.004949 seconds 
========================================================================
Received Import Request.
  Time since last request: 4.714561 seconds.
  path: Assets/Resources/Sounds
  artifactKey: Guid(c54d1eb4f0a43574393d5182f0c3846b) Importer(815301076,1909f56bfc062723c751e8b465ee728b)
Start importing Assets/Resources/Sounds using Guid(c54d1eb4f0a43574393d5182f0c3846b) Importer(815301076,1909f56bfc062723c751e8b465ee728b)  -> (artifact id: '59d7e1804c900a06e026686ab2934ec8') in 0.001777 seconds 
========================================================================
Received Import Request.
  Time since last request: 4.814008 seconds.
  path: Assets/Resources/Backgrounds/Faculivingroom 2.png
  artifactKey: Guid(6922720b6846d8d4a933d2c17b81d2ee) Importer(815301076,1909f56bfc062723c751e8b465ee728b)
Start importing Assets/Resources/Backgrounds/Faculivingroom 2.png using Guid(6922720b6846d8d4a933d2c17b81d2ee) Importer(815301076,1909f56bfc062723c751e8b465ee728b)  -> (artifact id: 'e2f471faa904daf7d632b32e5d00cd6a') in 0.361265 seconds 
========================================================================
Received Import Request.
  Time since last request: 0.605115 seconds.
  path: Assets/Resources/Backgrounds/Facuoffice.png
  artifactKey: Guid(07d75b3ecdf07514aab617a2055808c5) Importer(815301076,1909f56bfc062723c751e8b465ee728b)
Start importing Assets/Resources/Backgrounds/Facuoffice.png using Guid(07d75b3ecdf07514aab617a2055808c5) Importer(815301076,1909f56bfc062723c751e8b465ee728b)  -> (artifact id: 'b94a0e8c03dbe207887d670e7543e4d6') in 0.195358 seconds 
========================================================================
Received Import Request.
  Time since last request: 0.753554 seconds.
  path: Assets/Resources/Backgrounds/Facutruckcrash.png
  artifactKey: Guid(af6bc63bca043f24fa90ec63e70944b2) Importer(815301076,1909f56bfc062723c751e8b465ee728b)
Start importing Assets/Resources/Backgrounds/Facutruckcrash.png using Guid(af6bc63bca043f24fa90ec63e70944b2) Importer(815301076,1909f56bfc062723c751e8b465ee728b)  -> (artifact id: '97c4efd0034fbb10827ed665c0979b05') in 0.051168 seconds 
========================================================================
Received Import Request.
  Time since last request: 0.992853 seconds.
  path: Assets/Resources/Backgrounds/Living_Room.png
  artifactKey: Guid(5014de3d0d6ecab47a6356052a71dd7c) Importer(815301076,1909f56bfc062723c751e8b465ee728b)
Start importing Assets/Resources/Backgrounds/Living_Room.png using Guid(5014de3d0d6ecab47a6356052a71dd7c) Importer(815301076,1909f56bfc062723c751e8b465ee728b)  -> (artifact id: 'f86ee0c50eb2c9c9355ec73d749984f2') in 0.066941 seconds 
========================================================================
Received Import Request.
  Time since last request: 0.771702 seconds.
  path: Assets/Resources/Backgrounds/Outside_street.png
  artifactKey: Guid(ee9f5b6c85df70c45b59f7b6e75352ce) Importer(815301076,1909f56bfc062723c751e8b465ee728b)
Start importing Assets/Resources/Backgrounds/Outside_street.png using Guid(ee9f5b6c85df70c45b59f7b6e75352ce) Importer(815301076,1909f56bfc062723c751e8b465ee728b)  -> (artifact id: '3d535c7b55d020d6e4394675c6299f5b') in 0.070299 seconds 
========================================================================
Received Import Request.
  Time since last request: 1.207378 seconds.
  path: Assets/Resources/Backgrounds/Outside_Street_city.png
  artifactKey: Guid(fe0315d2515311a4eaf987d661759f31) Importer(815301076,1909f56bfc062723c751e8b465ee728b)
Start importing Assets/Resources/Backgrounds/Outside_Street_city.png using Guid(fe0315d2515311a4eaf987d661759f31) Importer(815301076,1909f56bfc062723c751e8b465ee728b)  -> (artifact id: '64f9f3e59c8c2bebda05462c56447172') in 0.184082 seconds 
========================================================================
Received Import Request.
  Time since last request: 0.839369 seconds.
  path: Assets/Resources/Backgrounds/Tvscene.png
  artifactKey: Guid(33243c18c97e7fc428329ab0bb4489a5) Importer(815301076,1909f56bfc062723c751e8b465ee728b)
Start importing Assets/Resources/Backgrounds/Tvscene.png using Guid(33243c18c97e7fc428329ab0bb4489a5) Importer(815301076,1909f56bfc062723c751e8b465ee728b)  -> (artifact id: '4546477a25004daaba51579d31f9819e') in 0.149830 seconds 
========================================================================
Received Import Request.
  Time since last request: 0.502474 seconds.
  path: Assets/Resources/Backgrounds/Ximena_Bedroom.png
  artifactKey: Guid(23e452499af8a3b4698f1adca746ff6c) Importer(815301076,1909f56bfc062723c751e8b465ee728b)
Start importing Assets/Resources/Backgrounds/Ximena_Bedroom.png using Guid(23e452499af8a3b4698f1adca746ff6c) Importer(815301076,1909f56bfc062723c751e8b465ee728b)  -> (artifact id: '0ba5d146910a28c1c7d8a686130870f8') in 0.034037 seconds 
========================================================================
Received Import Request.
  Time since last request: 14.842459 seconds.
  path: Assets/Resources/Characters/Facu
  artifactKey: Guid(99230199210d65f41b68e7dcf873c968) Importer(815301076,1909f56bfc062723c751e8b465ee728b)
Start importing Assets/Resources/Characters/Facu using Guid(99230199210d65f41b68e7dcf873c968) Importer(815301076,1909f56bfc062723c751e8b465ee728b)  -> (artifact id: 'f74680e6b12e579df46598ab422b00bc') in 0.001790 seconds 
========================================================================
Received Import Request.
  Time since last request: 0.059436 seconds.
  path: Assets/Resources/Characters/Facu/Facu_Angry.png
  artifactKey: Guid(00adb86f6d203d248af6f33fb686f12a) Importer(815301076,1909f56bfc062723c751e8b465ee728b)
Start importing Assets/Resources/Characters/Facu/Facu_Angry.png using Guid(00adb86f6d203d248af6f33fb686f12a) Importer(815301076,1909f56bfc062723c751e8b465ee728b)  -> (artifact id: '5a2eacc588c6c7003a490537cb60b6dc') in 0.078082 seconds 
========================================================================
Received Import Request.
  Time since last request: 0.000032 seconds.
  path: Assets/Resources/Characters/Facu/Facu_Neutral.png
  artifactKey: Guid(6406466f5f9335c46aac0930abc65f8b) Importer(815301076,1909f56bfc062723c751e8b465ee728b)
Start importing Assets/Resources/Characters/Facu/Facu_Neutral.png using Guid(6406466f5f9335c46aac0930abc65f8b) Importer(815301076,1909f56bfc062723c751e8b465ee728b)  -> (artifact id: '036999a5294bde6e99b45965553a1e23') in 0.091591 seconds 
========================================================================
Received Import Request.
  Time since last request: 0.000061 seconds.
  path: Assets/Resources/Characters/Facu/Facu_Surprise.png
  artifactKey: Guid(5376e57b8452a014d90873f489a31fb7) Importer(815301076,1909f56bfc062723c751e8b465ee728b)
Start importing Assets/Resources/Characters/Facu/Facu_Surprise.png using Guid(5376e57b8452a014d90873f489a31fb7) Importer(815301076,1909f56bfc062723c751e8b465ee728b)  -> (artifact id: '5e59248ec0e5a4af8d6a6b3021ca5e8b') in 0.124036 seconds 
========================================================================
Received Import Request.
  Time since last request: 0.000054 seconds.
  path: Assets/Resources/Characters/Facu/Facu_Happy.png
  artifactKey: Guid(8b34a09029b4c4f4ab0165e82e63f453) Importer(815301076,1909f56bfc062723c751e8b465ee728b)
Start importing Assets/Resources/Characters/Facu/Facu_Happy.png using Guid(8b34a09029b4c4f4ab0165e82e63f453) Importer(815301076,1909f56bfc062723c751e8b465ee728b)  -> (artifact id: '1d9112000d39abc21d43bc72e7807add') in 0.098939 seconds 
========================================================================
Received Import Request.
  Time since last request: 0.000049 seconds.
  path: Assets/Resources/Characters/Facu/Facu_Worried.png
  artifactKey: Guid(0b8e425af357c6541b8780036b556647) Importer(815301076,1909f56bfc062723c751e8b465ee728b)
Start importing Assets/Resources/Characters/Facu/Facu_Worried.png using Guid(0b8e425af357c6541b8780036b556647) Importer(815301076,1909f56bfc062723c751e8b465ee728b)  -> (artifact id: '4b0968fa4b6c15a6ca8d336c35a622b1') in 0.091147 seconds 
========================================================================
Received Import Request.
  Time since last request: 0.000041 seconds.
  path: Assets/Resources/Characters/Facu/Facu_Skeptical.png
  artifactKey: Guid(7a56ef9b06ed9b54a8848dca5add2366) Importer(815301076,1909f56bfc062723c751e8b465ee728b)
Start importing Assets/Resources/Characters/Facu/Facu_Skeptical.png using Guid(7a56ef9b06ed9b54a8848dca5add2366) Importer(815301076,1909f56bfc062723c751e8b465ee728b)  -> (artifact id: '487e3fefffa4e624a826f79d41ed7b12') in 0.095251 seconds 
Editor requested this worker to shutdown with reason: Scaling down because of idle timeout
AssetImportWorker is now disconnected from the server
Process exiting
Exiting without the bug reporter. Application will terminate with return code 0